bw	num	pct	qlen	maxq	avgq	maxd	avgd	rate
---------------------------------------------------------------------------
0.5	1	0.60	9	4.5	0.0	70	0	37.5 (0.59)
0.5	2	0.60	9	5.5	0.0	85	0	37.5 (0.59)
0.5	3	0.60	9	7.5	0.0	117	0	37.5 (0.59)
0.5	4	0.60	9	9.0	0.0	140	0	37.5 (0.59)
0.5	5	0.60	9	11.0	0.1	171	1	37.5 (0.59)
0.5	6	0.60	9	14.0	0.1	218	0	37.5 (0.59)
0.5	8	0.60	9	18.5	0.1	289	2	37.5 (0.59)
0.5	10	0.60	9	23.5	0.2	367	2	37.5 (0.59)
0.5	12	0.60	9	28.5	0.2	445	3	37.5 (0.59)
0.5	14	0.60	9	31.5	0.3	492	4	37.5 (0.59)
0.5	16	0.60	9	31.5	0.3	492	5	37.5 (0.59)
0.5	20	0.60	9	31.5	0.4	492	5	37.5 (0.59)
0.5	24	0.60	9	31.5	0.4	492	6	37.5 (0.59)
0.5	30	0.60	9	31.5	0.6	492	9	37.5 (0.59)
0.5	40	0.60	9	31.5	0.8	492	11	37.5 (0.59)
1	1	0.72	9	9.5	0.1	74	0	89.9 (0.70)
1	2	0.72	9	9.5	0.0	74	0	90.0 (0.70)
1	3	0.72	9	11.5	0.2	89	1	90.0 (0.70)
1	4	0.72	9	13.5	0.1	105	0	90.0 (0.70)
1	5	0.72	9	15.5	0.1	121	0	90.0 (0.70)
1	6	0.72	9	17.5	0.1	136	1	90.0 (0.70)
1	8	0.72	9	21.5	0.2	167	1	90.0 (0.70)
1	10	0.72	9	26.0	0.2	203	1	90.0 (0.70)
1	12	0.72	9	32.0	0.3	250	1	90.0 (0.70)
1	14	0.72	9	37.0	0.3	289	2	90.0 (0.70)
1	16	0.72	9	42.0	0.5	328	4	90.0 (0.70)
1	20	0.72	9	52.0	0.9	406	7	90.0 (0.70)
1	24	0.72	9	62.0	1.0	484	7	90.0 (0.70)
1	30	0.72	9	62.5	1.6	488	12	90.0 (0.70)
1	40	0.72	9	62.5	2.2	488	16	90.0 (0.70)
2	1	0.74	9	11.5	0.1	44	0	183.7 (0.72)
2	2	0.74	9	12.5	0.1	48	0	184.8 (0.72)
2	3	0.74	9	12.0	0.0	46	0	184.9 (0.72)
2	4	0.74	9	13.5	0.1	52	0	184.9 (0.72)
2	5	0.74	9	14.5	0.3	56	1	184.9 (0.72)
2	6	0.74	9	17.5	0.4	68	1	184.9 (0.72)
2	8	0.74	9	21.5	0.5	83	1	184.9 (0.72)
2	10	0.74	9	27.0	0.5	105	2	184.9 (0.72)
2	12	0.74	9	32.5	0.5	126	1	184.9 (0.72)
2	14	0.74	9	37.5	0.6	146	2	185.0 (0.72)
2	16	0.74	9	42.5	0.6	166	2	185.0 (0.72)
2	20	0.74	9	51.5	0.9	201	3	184.9 (0.72)
2	24	0.74	9	62.0	0.8	242	3	185.0 (0.72)
2	30	0.74	9	78.5	1.2	306	4	185.0 (0.72)
2	40	0.74	9	98.0	1.7	382	6	185.0 (0.72)
3	1	0.74	12	17.0	0.0	44	0	275.1 (0.72)
3	2	0.74	12	17.0	0.1	44	0	276.7 (0.72)
3	3	0.74	12	17.0	0.1	44	0	277.4 (0.72)
3	4	0.74	12	17.0	0.1	44	0	276.7 (0.72)
3	5	0.74	12	16.0	0.0	41	0	277.4 (0.72)
3	6	0.74	12	17.5	0.2	45	0	277.4 (0.72)
3	8	0.74	12	21.5	0.2	55	0	277.4 (0.72)
3	10	0.74	12	25.5	0.1	66	0	277.4 (0.72)
3	12	0.74	12	31.0	0.2	80	0	277.4 (0.72)
3	14	0.74	12	36.0	0.2	93	0	277.4 (0.72)
3	16	0.74	12	41.0	0.2	106	0	277.4 (0.72)
3	20	0.74	12	50.0	0.2	130	0	277.4 (0.72)
3	24	0.74	12	58.0	0.4	151	0	277.4 (0.72)
3	30	0.74	12	70.0	0.4	182	0	277.4 (0.72)
3	40	0.74	12	94.0	0.7	244	1	277.4 (0.72)
4	1	0.76	12	20.0	0.0	39	0	364.6 (0.71)
4	2	0.76	12	20.0	0.1	39	0	366.7 (0.72)
4	3	0.76	12	17.0	0.1	33	0	374.5 (0.73)
4	4	0.76	12	20.5	0.1	40	0	376.4 (0.74)
4	5	0.76	12	21.5	0.1	41	0	378.7 (0.74)
4	6	0.76	12	17.0	0.2	33	0	379.3 (0.74)
4	8	0.76	12	22.5	0.2	43	0	379.5 (0.74)
4	10	0.76	12	26.5	0.2	51	0	379.8 (0.74)
4	12	0.76	12	30.5	0.4	59	0	379.9 (0.74)
4	14	0.76	12	36.0	0.2	70	0	379.9 (0.74)
4	16	0.76	12	41.5	0.4	81	0	379.9 (0.74)
4	20	0.76	12	52.5	0.5	102	0	379.9 (0.74)
4	24	0.76	12	60.5	0.5	118	0	379.9 (0.74)
4	30	0.76	12	72.5	0.5	141	0	379.9 (0.74)
4	40	0.76	12	97.5	1.0	190	1	379.9 (0.74)
5	1	0.78	12	19.5	0.0	30	0	460.8 (0.72)
5	2	0.78	12	19.5	0.0	30	0	464.1 (0.73)
5	3	0.78	12	26.0	0.1	40	0	474.9 (0.74)
5	4	0.78	12	19.5	0.1	30	0	477.7 (0.75)
5	5	0.78	12	23.5	0.1	36	0	480.7 (0.75)
5	6	0.78	12	26.0	0.1	40	0	482.8 (0.75)
5	8	0.78	12	20.5	0.2	32	0	485.7 (0.76)
5	10	0.78	12	24.5	0.3	38	0	485.9 (0.76)
5	12	0.78	12	28.5	0.4	44	0	486.8 (0.76)
5	14	0.78	12	34.0	0.4	53	0	487.3 (0.76)
5	16	0.78	12	38.0	0.5	59	0	487.3 (0.76)
5	20	0.78	12	47.0	0.5	73	0	487.4 (0.76)
5	24	0.78	12	58.5	0.6	91	0	487.4 (0.76)
5	30	0.78	12	73.0	0.6	114	1	487.4 (0.76)
5	40	0.78	12	97.0	0.6	151	0	487.4 (0.76)
6	1	0.80	12	26.0	0.0	33	0	559.4 (0.73)
6	2	0.80	12	26.0	0.0	33	0	566.7 (0.74)
6	3	0.80	12	27.5	0.1	35	0	580.0 (0.76)
6	4	0.80	12	26.0	0.1	33	0	580.5 (0.76)
6	5	0.80	12	25.0	0.1	32	0	585.4 (0.76)
6	6	0.80	12	27.5	0.2	35	0	587.9 (0.77)
6	8	0.80	12	27.0	0.2	35	0	594.8 (0.77)
6	10	0.80	12	23.5	0.3	30	0	592.9 (0.77)
6	12	0.80	12	27.5	0.5	35	0	597.4 (0.78)
6	14	0.80	12	31.5	0.6	41	0	599.1 (0.78)
6	16	0.80	12	36.5	0.7	47	0	599.5 (0.78)
6	20	0.80	12	48.0	0.7	62	0	599.8 (0.78)
6	24	0.80	12	59.0	0.8	76	1	599.8 (0.78)
6	30	0.80	12	74.0	1.0	96	1	599.8 (0.78)
6	40	0.80	12	100.0	1.1	130	1	599.8 (0.78)
8	1	0.82	15	39.5	0.0	38	0	759.6 (0.74)
8	2	0.82	15	39.5	0.0	38	0	766.1 (0.75)
8	3	0.82	15	33.0	0.1	32	0	774.1 (0.76)
8	4	0.82	15	39.5	0.1	38	0	773.6 (0.76)
8	5	0.82	15	42.5	0.1	41	0	780.9 (0.76)
8	6	0.82	15	33.0	0.1	32	0	791.8 (0.77)
8	8	0.82	15	41.0	0.2	40	0	788.4 (0.77)
8	10	0.82	15	42.5	0.2	41	0	798.6 (0.78)
8	12	0.82	15	33.5	0.4	32	0	808.6 (0.79)
8	14	0.82	15	37.5	0.8	36	0	813.9 (0.79)
8	16	0.82	15	41.5	0.9	40	0	817.6 (0.80)
8	20	0.82	15	49.5	1.0	48	0	819.5 (0.80)
8	24	0.82	15	60.0	0.9	58	0	819.7 (0.80)
8	30	0.82	15	74.5	0.8	72	0	819.8 (0.80)
8	40	0.82	15	103.5	1.1	101	1	819.8 (0.80)
10	1	0.84	15	39.5	0.0	30	0	941.4 (0.74)
10	2	0.84	15	39.5	0.0	30	0	951.8 (0.74)
10	3	0.84	15	55.5	0.0	43	0	971.6 (0.76)
10	4	0.84	15	39.5	0.1	30	0	980.6 (0.77)
10	5	0.84	15	47.5	0.1	37	0	989.4 (0.77)
10	6	0.84	15	55.5	0.1	43	0	994.1 (0.78)
10	8	0.84	15	39.5	0.2	30	0	1015.4 (0.79)
10	10	0.84	15	47.5	0.2	37	0	1026.3 (0.80)
10	12	0.84	15	55.5	0.3	43	0	1022.0 (0.80)
10	14	0.84	15	43.5	0.7	33	0	1032.1 (0.81)
10	16	0.84	15	44.0	0.7	34	0	1040.6 (0.81)
10	20	0.84	15	52.0	1.0	40	0	1047.4 (0.82)
10	24	0.84	15	62.5	1.3	48	1	1049.3 (0.82)
10	30	0.84	15	79.5	1.6	62	1	1049.6 (0.82)
10	40	0.84	15	105.0	1.9	82	1	1049.7 (0.82)
12	1	0.84	15	45.5	0.0	29	0	1107.6 (0.72)
12	2	0.84	15	45.5	0.0	29	0	1128.2 (0.73)
12	3	0.84	15	50.0	0.1	32	0	1148.1 (0.75)
12	4	0.84	15	45.5	0.1	29	0	1162.6 (0.76)
12	5	0.84	15	42.0	0.1	27	0	1181.2 (0.77)
12	6	0.84	15	50.0	0.1	32	0	1187.2 (0.77)
12	8	0.84	15	47.5	0.1	30	0	1206.2 (0.79)
12	10	0.84	15	42.0	0.2	27	0	1219.5 (0.79)
12	12	0.84	15	50.0	0.2	32	0	1221.4 (0.80)
12	14	0.84	15	58.5	0.3	38	0	1221.1 (0.80)
12	16	0.84	15	51.5	0.5	33	0	1230.3 (0.80)
12	20	0.84	15	45.0	0.8	29	0	1246.2 (0.81)
12	24	0.84	15	55.5	1.3	36	0	1254.9 (0.82)
12	30	0.84	15	72.5	1.9	47	1	1259.0 (0.82)
12	40	0.84	15	98.0	1.3	63	0	1259.6 (0.82)
14	1	0.86	18	75.5	0.0	42	0	1337.2 (0.75)
14	2	0.86	18	75.5	0.0	42	0	1345.5 (0.75)
14	3	0.86	18	59.5	0.1	33	0	1375.4 (0.77)
14	4	0.86	18	75.5	0.1	42	0	1379.3 (0.77)
14	5	0.86	18	51.5	0.1	28	0	1397.0 (0.78)
14	6	0.86	18	59.5	0.0	33	0	1391.4 (0.78)
14	8	0.86	18	75.5	0.2	42	0	1423.6 (0.79)
14	10	0.86	18	51.5	0.1	28	0	1436.3 (0.80)
14	12	0.86	18	59.5	0.2	33	0	1454.3 (0.81)
14	14	0.86	18	67.5	0.4	37	0	1440.5 (0.80)
14	16	0.86	18	75.5	0.7	42	0	1462.1 (0.82)
14	20	0.86	18	56.5	1.3	31	0	1485.1 (0.83)
14	24	0.86	18	65.0	2.0	36	1	1497.8 (0.84)
14	30	0.86	18	81.5	2.5	45	1	1503.6 (0.84)
14	40	0.86	18	115.5	1.8	64	1	1504.6 (0.84)
16	1	0.88	18	80.5	0.1	39	0	1522.5 (0.74)
16	2	0.88	18	80.5	0.0	39	0	1561.3 (0.76)
16	3	0.88	18	64.5	0.1	31	0	1591.7 (0.78)
16	4	0.88	18	80.5	0.1	39	0	1619.0 (0.79)
16	5	0.88	18	94.5	0.1	46	0	1635.9 (0.80)
16	6	0.88	18	64.5	0.1	31	0	1654.4 (0.81)
16	8	0.88	18	80.5	0.2	39	0	1671.2 (0.82)
16	10	0.88	18	94.5	0.2	46	0	1666.2 (0.81)
16	12	0.88	18	68.0	0.3	33	0	1662.8 (0.81)
16	14	0.88	18	76.0	0.5	37	0	1661.7 (0.81)
16	16	0.88	18	84.0	0.7	41	0	1691.1 (0.83)
16	20	0.88	18	94.5	1.6	46	0	1724.8 (0.84)
16	24	0.88	18	80.0	2.3	39	1	1743.9 (0.85)
16	30	0.88	18	107.0	2.8	52	1	1757.8 (0.86)
16	40	0.88	18	132.5	3.6	64	1	1759.5 (0.86)
20	1	0.88	21	80.0	0.0	31	0	1891.6 (0.74)
20	2	0.88	21	80.0	0.0	31	0	1936.5 (0.76)
20	3	0.88	21	112.0	0.0	43	0	2001.2 (0.78)
20	4	0.88	21	80.0	0.1	31	0	2031.3 (0.79)
20	5	0.88	21	96.0	0.1	37	0	2046.3 (0.80)
20	6	0.88	21	112.0	0.1	43	0	2062.0 (0.81)
20	8	0.88	21	80.0	0.1	31	0	2055.6 (0.80)
20	10	0.88	21	96.0	0.2	37	0	2047.2 (0.80)
20	12	0.88	21	112.0	0.2	43	0	2054.6 (0.80)
20	14	0.88	21	73.5	0.2	28	0	2055.7 (0.80)
20	16	0.88	21	80.0	0.3	31	0	2063.6 (0.81)
20	20	0.88	21	96.0	0.9	37	0	2118.9 (0.83)
20	24	0.88	21	115.5	1.7	45	0	2153.9 (0.84)
20	30	0.88	21	97.5	2.9	38	1	2180.3 (0.85)
20	40	0.88	21	121.0	3.8	47	1	2198.5 (0.86)
24	1	0.90	21	115.0	0.0	37	0	2268.3 (0.74)
24	2	0.90	21	115.0	0.0	37	0	2294.4 (0.75)
24	3	0.90	21	118.5	0.1	38	0	2405.6 (0.78)
24	4	0.90	21	115.0	0.1	37	0	2446.2 (0.80)
24	5	0.90	21	102.0	0.1	33	0	2469.2 (0.80)
24	6	0.90	21	118.0	0.1	38	0	2469.3 (0.80)
24	8	0.90	21	115.0	0.1	37	0	2469.0 (0.80)
24	10	0.90	21	102.0	0.1	33	0	2453.9 (0.80)
24	12	0.90	21	118.0	0.1	38	0	2456.1 (0.80)
24	14	0.90	21	134.0	0.2	43	0	2457.1 (0.80)
24	16	0.90	21	115.0	0.4	37	0	2477.0 (0.81)
24	20	0.90	21	102.0	0.9	33	0	2571.1 (0.84)
24	24	0.90	21	118.0	1.7	38	0	2619.3 (0.85)
24	30	0.90	21	147.5	2.9	48	0	2662.0 (0.87)
24	40	0.90	21	145.5	4.9	47	1	2695.8 (0.88)
30	1	0.92	24	176.0	0.0	45	0	2854.6 (0.74)
30	2	0.92	24	176.0	0.1	45	0	2921.6 (0.76)
30	3	0.92	24	144.0	0.1	37	0	3058.7 (0.80)
30	4	0.92	24	176.0	0.1	45	0	3099.4 (0.81)
30	5	0.92	24	170.5	0.1	44	0	3132.0 (0.82)
30	6	0.92	24	144.0	0.1	37	0	3126.9 (0.81)
30	8	0.92	24	176.0	0.1	45	0	3100.8 (0.81)
30	10	0.92	24	170.5	0.1	44	0	3079.7 (0.80)
30	12	0.92	24	144.0	0.2	37	0	3088.8 (0.80)
30	14	0.92	24	160.0	0.2	41	0	3103.9 (0.81)
30	16	0.92	24	176.0	0.4	45	0	3106.6 (0.81)
30	20	0.92	24	170.5	1.1	44	0	3256.8 (0.85)
30	24	0.92	24	146.0	2.2	38	0	3329.5 (0.87)
30	30	0.92	24	170.0	3.7	44	0	3382.0 (0.88)
30	40	0.92	24	194.5	5.8	50	1	3441.8 (0.90)
40	1	0.93	30	209.0	0.0	40	0	3825.2 (0.75)
40	2	0.93	30	209.0	0.0	40	0	3978.6 (0.78)
40	3	0.93	30	273.0	0.1	53	0	4067.8 (0.79)
40	4	0.93	30	209.0	0.0	40	0	4116.8 (0.80)
40	5	0.93	30	241.0	0.1	47	0	4170.8 (0.81)
40	6	0.93	30	273.0	0.1	53	0	4185.1 (0.82)
40	8	0.93	30	209.0	0.1	40	0	4203.4 (0.82)
40	10	0.93	30	241.0	0.1	47	0	4192.0 (0.82)
40	12	0.93	30	273.0	0.1	53	0	4159.0 (0.81)
40	14	0.93	30	199.0	0.2	38	0	4138.7 (0.81)
40	16	0.93	30	215.0	0.2	41	0	4145.7 (0.81)
40	20	0.93	30	247.0	0.6	48	0	4238.2 (0.83)
40	24	0.93	30	279.0	1.2	54	0	4384.9 (0.86)
40	30	0.93	30	203.0	2.8	39	0	4509.4 (0.88)
40	40	0.93	30	172.5	7.6	33	1	4597.3 (0.90)
50	1	0.94	36	391.0	0.0	61	0	4868.2 (0.76)
50	2	0.94	36	391.0	0.1	61	0	5027.4 (0.79)
50	3	0.94	36	327.0	0.0	51	0	5093.3 (0.80)
50	4	0.94	36	391.0	0.1	61	0	5179.0 (0.81)
50	5	0.94	36	295.0	0.1	46	0	5207.0 (0.81)
50	6	0.94	36	327.0	0.1	51	0	5249.9 (0.82)
50	8	0.94	36	391.0	0.1	61	0	5298.4 (0.83)
50	10	0.94	36	295.0	0.2	46	0	5291.8 (0.83)
50	12	0.94	36	327.0	0.1	51	0	5251.4 (0.82)
50	14	0.94	36	359.0	0.2	56	0	5208.2 (0.81)
50	16	0.94	36	391.0	0.2	61	0	5188.1 (0.81)
50	20	0.94	36	295.0	0.6	46	0	5227.8 (0.82)
50	24	0.94	36	302.5	1.6	47	0	5447.4 (0.85)
50	30	0.94	36	301.5	3.2	47	0	5647.8 (0.88)
50	40	0.94	36	300.0	7.1	46	1	5766.8 (0.90)
60	1	0.95	42	478.5	0.0	62	0	5866.3 (0.76)
60	2	0.95	42	478.5	0.0	62	0	6034.7 (0.79)
60	3	0.95	42	414.5	0.0	53	0	6200.0 (0.81)
60	4	0.95	42	478.5	0.0	62	0	6247.8 (0.81)
60	5	0.95	42	500.5	0.1	65	0	6303.9 (0.82)
60	6	0.95	42	414.5	0.1	53	0	6342.2 (0.83)
60	8	0.95	42	478.5	0.2	62	0	6401.3 (0.83)
60	10	0.95	42	500.5	0.1	65	0	6365.2 (0.83)
60	12	0.95	42	414.5	0.2	53	0	6312.6 (0.82)
60	14	0.95	42	446.5	0.2	58	0	6268.4 (0.82)
60	16	0.95	42	478.5	0.2	62	0	6232.8 (0.81)
60	20	0.95	42	511.0	0.6	66	0	6289.1 (0.82)
60	24	0.95	42	511.0	1.8	66	0	6572.4 (0.86)
60	30	0.95	42	499.0	3.4	64	0	6814.9 (0.89)
60	40	0.95	42	360.5	8.7	46	1	6977.0 (0.91)
80	1	0.96	48	598.0	0.1	58	0	7797.9 (0.76)
80	2	0.96	48	598.0	0.0	58	0	8069.5 (0.79)
80	3	0.96	48	726.0	0.0	70	0	8246.4 (0.81)
80	4	0.96	48	598.0	0.1	58	0	8300.6 (0.81)
80	5	0.96	48	662.0	0.1	64	0	8383.1 (0.82)
80	6	0.96	48	726.0	0.1	70	0	8438.3 (0.82)
80	8	0.96	48	598.0	0.1	58	0	8507.4 (0.83)
80	10	0.96	48	662.0	0.1	64	0	8484.6 (0.83)
80	12	0.96	48	726.0	0.2	70	0	8418.5 (0.82)
80	14	0.96	48	566.0	0.2	55	0	8320.8 (0.81)
80	16	0.96	48	598.0	0.2	58	0	8246.3 (0.81)
80	20	0.96	48	598.0	0.4	58	0	8204.9 (0.80)
80	24	0.96	48	598.0	1.0	58	0	8641.8 (0.84)
80	30	0.96	48	598.0	3.9	58	0	8982.6 (0.88)
80	40	0.96	48	607.0	9.0	59	0	9283.4 (0.91)
100	1	0.96	60	943.0	0.0	73	0	9588.5 (0.75)
100	2	0.96	60	943.0	0.0	73	0	10002.9 (0.78)
100	3	0.96	60	815.0	0.0	63	0	10000.3 (0.78)
100	4	0.96	60	943.0	0.0	73	0	10198.7 (0.80)
100	5	0.96	60	751.0	0.0	58	0	10270.6 (0.80)
100	6	0.96	60	815.0	0.0	63	0	10365.0 (0.81)
100	8	0.96	60	943.0	0.1	73	0	10429.4 (0.81)
100	10	0.96	60	751.0	0.2	58	0	10505.3 (0.82)
100	12	0.96	60	815.0	0.1	63	0	10575.1 (0.83)
100	14	0.96	60	879.0	0.3	68	0	10673.2 (0.83)
100	16	0.96	60	911.5	0.2	71	0	10687.4 (0.83)
100	20	0.96	60	924.0	0.2	72	0	10527.1 (0.82)
100	24	0.96	60	923.0	0.3	72	0	10211.4 (0.80)
100	30	0.96	60	920.5	2.5	71	0	10810.6 (0.84)
100	40	0.96	60	921.5	5.3	71	0	11371.9 (0.89)
