bw	num	pct	qlen	maxq	avgq	maxd	avgd	rate
---------------------------------------------------------------------------
0.5	1	0.60	3	2.0	0.1	31	0	36.3 (0.57)
0.5	2	0.60	3	3.5	0.1	54	1	36.8 (0.58)
0.5	3	0.60	3	5.5	0.0	85	0	37.5 (0.59)
0.5	4	0.60	3	7.5	0.3	117	4	37.3 (0.58)
0.5	5	0.60	3	9.5	0.2	148	2	37.3 (0.58)
0.5	6	0.60	3	9.5	0.2	148	2	37.3 (0.58)
0.5	8	0.60	3	13.5	0.2	210	2	37.2 (0.58)
0.5	10	0.60	3	15.5	0.2	242	2	37.3 (0.58)
0.5	12	0.60	3	17.5	0.2	273	2	37.3 (0.58)
0.5	14	0.60	3	20.0	0.3	312	4	37.2 (0.58)
0.5	16	0.60	3	22.5	0.3	351	4	37.2 (0.58)
0.5	20	0.60	3	30.0	0.4	468	6	37.2 (0.58)
0.5	24	0.60	3	31.5	0.5	492	8	37.3 (0.58)
0.5	30	0.60	3	31.5	0.5	492	8	37.3 (0.58)
0.5	40	0.60	3	31.5	0.6	492	9	37.4 (0.58)
1	1	0.72	3	3.0	0.1	23	0	76.9 (0.60)
1	2	0.72	3	3.5	0.1	27	0	85.0 (0.66)
1	3	0.72	3	5.5	0.1	42	1	87.6 (0.68)
1	4	0.72	3	8.0	0.2	62	1	87.5 (0.68)
1	5	0.72	3	10.5	0.2	82	1	87.5 (0.68)
1	6	0.72	3	13.0	0.3	101	2	88.2 (0.69)
1	8	0.72	3	17.0	0.3	132	2	88.8 (0.69)
1	10	0.72	3	19.0	0.4	148	2	88.7 (0.69)
1	12	0.72	3	21.0	0.5	164	3	89.1 (0.70)
1	14	0.72	3	26.0	0.5	203	3	89.4 (0.70)
1	16	0.72	3	28.5	0.6	222	5	89.4 (0.70)
1	20	0.72	3	36.5	0.7	285	5	89.7 (0.70)
1	24	0.72	3	44.0	0.9	343	6	89.7 (0.70)
1	30	0.72	3	55.0	1.1	429	8	89.7 (0.70)
1	40	0.72	3	62.5	1.9	488	14	89.9 (0.70)
2	1	0.74	3	4.0	0.0	15	0	163.0 (0.64)
2	2	0.74	3	4.0	0.1	15	0	170.5 (0.67)
2	3	0.74	3	5.5	0.1	21	0	175.3 (0.68)
2	4	0.74	3	7.5	0.1	29	0	176.8 (0.69)
2	5	0.74	3	9.5	0.2	37	0	178.4 (0.70)
2	6	0.74	3	11.5	0.2	44	0	180.1 (0.70)
2	8	0.74	3	15.5	0.2	60	0	180.8 (0.71)
2	10	0.74	3	17.5	0.3	68	1	182.0 (0.71)
2	12	0.74	3	21.0	0.4	82	1	182.7 (0.71)
2	14	0.74	3	23.5	0.3	91	1	182.4 (0.71)
2	16	0.74	3	28.5	0.4	111	1	183.7 (0.72)
2	20	0.74	3	36.0	0.5	140	1	184.0 (0.72)
2	24	0.74	3	43.0	0.6	167	2	184.2 (0.72)
2	30	0.74	3	52.0	0.7	203	2	184.2 (0.72)
2	40	0.74	3	70.5	1.1	275	4	184.4 (0.72)
3	1	0.74	4	4.5	0.1	11	0	244.4 (0.64)
3	2	0.74	4	6.5	0.1	16	0	252.5 (0.66)
3	3	0.74	4	7.0	0.0	18	0	257.7 (0.67)
3	4	0.74	4	7.5	0.1	19	0	262.7 (0.68)
3	5	0.74	4	9.5	0.1	24	0	266.4 (0.69)
3	6	0.74	4	11.5	0.2	29	0	268.4 (0.70)
3	8	0.74	4	15.5	0.2	40	0	271.1 (0.71)
3	10	0.74	4	19.5	0.3	50	0	272.9 (0.71)
3	12	0.74	4	23.0	0.2	59	0	275.1 (0.72)
3	14	0.74	4	25.5	0.3	66	0	275.3 (0.72)
3	16	0.74	4	30.5	0.4	79	0	275.9 (0.72)
3	20	0.74	4	37.5	0.4	97	1	276.1 (0.72)
3	24	0.74	4	44.0	0.4	114	0	276.8 (0.72)
3	30	0.74	4	52.0	0.5	135	1	277.0 (0.72)
3	40	0.74	4	66.0	0.7	171	1	277.2 (0.72)
4	1	0.76	4	5.0	0.0	9	0	313.2 (0.61)
4	2	0.76	4	6.5	0.1	12	0	327.9 (0.64)
4	3	0.76	4	5.5	0.1	10	0	343.7 (0.67)
4	4	0.76	4	7.5	0.1	14	0	350.8 (0.69)
4	5	0.76	4	9.5	0.2	18	0	358.9 (0.70)
4	6	0.76	4	11.5	0.2	22	0	362.5 (0.71)
4	8	0.76	4	15.5	0.2	30	0	367.5 (0.72)
4	10	0.76	4	19.5	0.2	38	0	371.8 (0.73)
4	12	0.76	4	23.0	0.3	44	0	373.8 (0.73)
4	14	0.76	4	25.0	0.4	48	0	376.0 (0.73)
4	16	0.76	4	31.0	0.3	60	0	376.6 (0.74)
4	20	0.76	4	38.5	0.4	75	0	378.0 (0.74)
4	24	0.76	4	46.0	0.5	89	0	378.4 (0.74)
4	30	0.76	4	56.0	0.6	109	1	379.0 (0.74)
4	40	0.76	4	70.0	0.9	136	1	379.4 (0.74)
5	1	0.78	4	5.5	0.0	8	0	398.9 (0.62)
5	2	0.78	4	5.5	0.1	8	0	413.9 (0.65)
5	3	0.78	4	9.5	0.1	14	0	436.8 (0.68)
5	4	0.78	4	7.5	0.1	11	0	445.2 (0.70)
5	5	0.78	4	9.5	0.1	14	0	452.4 (0.71)
5	6	0.78	4	12.0	0.1	18	0	457.2 (0.71)
5	8	0.78	4	15.5	0.2	24	0	464.8 (0.73)
5	10	0.78	4	19.5	0.2	30	0	471.9 (0.74)
5	12	0.78	4	23.0	0.3	35	0	476.2 (0.74)
5	14	0.78	4	27.0	0.5	42	0	479.5 (0.75)
5	16	0.78	4	29.0	0.5	45	0	480.5 (0.75)
5	20	0.78	4	35.0	0.5	54	0	482.3 (0.75)
5	24	0.78	4	42.0	0.6	65	0	484.7 (0.76)
5	30	0.78	4	53.5	0.6	83	0	485.8 (0.76)
5	40	0.78	4	73.5	0.8	114	1	486.4 (0.76)
6	1	0.80	4	6.0	0.0	7	0	493.1 (0.64)
6	2	0.80	4	7.5	0.0	9	0	509.7 (0.66)
6	3	0.80	4	7.5	0.1	9	0	525.6 (0.68)
6	4	0.80	4	11.0	0.1	14	0	541.9 (0.71)
6	5	0.80	4	9.5	0.1	12	0	550.0 (0.72)
6	6	0.80	4	11.5	0.1	14	0	558.3 (0.73)
6	8	0.80	4	15.5	0.2	20	0	566.3 (0.74)
6	10	0.80	4	19.5	0.3	25	0	573.1 (0.75)
6	12	0.80	4	23.0	0.4	29	0	581.3 (0.76)
6	14	0.80	4	27.0	0.4	35	0	586.7 (0.76)
6	16	0.80	4	31.0	0.6	40	0	590.2 (0.77)
6	20	0.80	4	37.0	0.5	48	0	594.2 (0.77)
6	24	0.80	4	44.0	0.7	57	0	596.0 (0.78)
6	30	0.80	4	57.0	0.8	74	1	597.2 (0.78)
6	40	0.80	4	78.0	1.1	101	1	598.8 (0.78)
8	1	0.82	5	9.5	0.0	9	0	671.5 (0.66)
8	2	0.82	5	10.5	0.1	10	0	686.1 (0.67)
8	3	0.82	5	9.5	0.1	9	0	693.7 (0.68)
8	4	0.82	5	14.5	0.1	14	0	707.9 (0.69)
8	5	0.82	5	18.0	0.1	17	0	718.5 (0.70)
8	6	0.82	5	11.5	0.1	11	0	738.0 (0.72)
8	8	0.82	5	17.0	0.2	16	0	741.3 (0.72)
8	10	0.82	5	22.0	0.2	21	0	769.3 (0.75)
8	12	0.82	5	23.0	0.3	22	0	777.3 (0.76)
8	14	0.82	5	27.0	0.4	26	0	785.5 (0.77)
8	16	0.82	5	31.0	0.5	30	0	796.7 (0.78)
8	20	0.82	5	39.0	0.7	38	0	807.8 (0.79)
8	24	0.82	5	45.5	0.9	44	0	813.2 (0.79)
8	30	0.82	5	59.0	1.0	57	0	816.8 (0.80)
8	40	0.82	5	83.0	1.3	81	1	818.7 (0.80)
10	1	0.84	5	10.5	0.0	8	0	844.3 (0.66)
10	2	0.84	5	10.5	0.1	8	0	850.6 (0.66)
10	3	0.84	5	11.5	0.1	8	0	883.2 (0.69)
10	4	0.84	5	13.5	0.1	10	0	910.9 (0.71)
10	5	0.84	5	10.5	0.1	8	0	933.9 (0.73)
10	6	0.84	5	15.5	0.1	12	0	951.0 (0.74)
10	8	0.84	5	15.5	0.1	12	0	968.7 (0.76)
10	10	0.84	5	19.5	0.2	15	0	982.6 (0.77)
10	12	0.84	5	23.0	0.3	17	0	990.3 (0.77)
10	14	0.84	5	27.0	0.3	21	0	998.9 (0.78)
10	16	0.84	5	31.0	0.5	24	0	1008.8 (0.79)
10	20	0.84	5	39.0	0.8	30	0	1024.9 (0.80)
10	24	0.84	5	48.5	1.2	37	0	1037.2 (0.81)
10	30	0.84	5	59.5	1.3	46	1	1043.9 (0.82)
10	40	0.84	5	82.5	1.5	64	1	1047.4 (0.82)
12	1	0.84	5	11.0	0.0	7	0	995.2 (0.65)
12	2	0.84	5	11.0	0.0	7	0	1037.6 (0.68)
12	3	0.84	5	11.0	0.1	7	0	1048.8 (0.68)
12	4	0.84	5	11.0	0.1	7	0	1086.0 (0.71)
12	5	0.84	5	11.0	0.1	7	0	1111.4 (0.72)
12	6	0.84	5	11.5	0.1	7	0	1134.7 (0.74)
12	8	0.84	5	16.5	0.1	10	0	1157.6 (0.75)
12	10	0.84	5	19.5	0.2	12	0	1169.2 (0.76)
12	12	0.84	5	23.0	0.2	14	0	1179.4 (0.77)
12	14	0.84	5	27.0	0.3	17	0	1187.2 (0.77)
12	16	0.84	5	31.0	0.4	20	0	1197.5 (0.78)
12	20	0.84	5	39.0	0.4	25	0	1219.6 (0.79)
12	24	0.84	5	46.5	1.0	30	0	1233.0 (0.80)
12	30	0.84	5	56.5	0.9	36	0	1247.1 (0.81)
12	40	0.84	5	78.5	1.5	51	0	1254.4 (0.82)
14	1	0.86	6	15.5	0.0	8	0	1202.8 (0.67)
14	2	0.86	6	15.5	0.0	8	0	1204.7 (0.67)
14	3	0.86	6	16.5	0.0	9	0	1250.8 (0.70)
14	4	0.86	6	17.5	0.1	9	0	1255.6 (0.70)
14	5	0.86	6	20.0	0.1	11	0	1288.5 (0.72)
14	6	0.86	6	17.5	0.1	9	0	1320.0 (0.74)
14	8	0.86	6	24.5	0.1	13	0	1357.5 (0.76)
14	10	0.86	6	28.0	0.2	15	0	1377.5 (0.77)
14	12	0.86	6	23.0	0.2	12	0	1391.3 (0.78)
14	14	0.86	6	28.0	0.3	15	0	1402.9 (0.78)
14	16	0.86	6	34.5	0.3	19	0	1417.1 (0.79)
14	20	0.86	6	39.0	0.8	21	0	1444.0 (0.81)
14	24	0.86	6	46.5	0.9	25	0	1465.9 (0.82)
14	30	0.86	6	62.5	1.6	34	0	1487.1 (0.83)
14	40	0.86	6	89.5	1.7	49	0	1500.2 (0.84)
16	1	0.88	6	18.5	0.0	9	0	1381.3 (0.67)
16	2	0.88	6	18.5	0.1	9	0	1422.8 (0.69)
16	3	0.88	6	18.5	0.1	9	0	1452.0 (0.71)
16	4	0.88	6	21.0	0.1	10	0	1501.9 (0.73)
16	5	0.88	6	25.5	0.1	12	0	1533.6 (0.75)
16	6	0.88	6	24.5	0.1	11	0	1564.9 (0.76)
16	8	0.88	6	26.0	0.1	12	0	1592.6 (0.78)
16	10	0.88	6	35.0	0.2	17	0	1603.6 (0.78)
16	12	0.88	6	25.5	0.2	12	0	1610.6 (0.79)
16	14	0.88	6	29.5	0.3	14	0	1628.3 (0.80)
16	16	0.88	6	36.5	0.4	17	0	1644.0 (0.80)
16	20	0.88	6	51.5	0.8	25	0	1678.2 (0.82)
16	24	0.88	6	62.5	1.2	30	0	1705.4 (0.83)
16	30	0.88	6	77.5	2.1	37	1	1736.9 (0.85)
16	40	0.88	6	97.5	2.3	47	1	1754.6 (0.86)
20	1	0.88	7	22.5	0.0	8	0	1721.0 (0.67)
20	2	0.88	7	22.5	0.0	8	0	1740.1 (0.68)
20	3	0.88	7	25.5	0.0	9	0	1840.6 (0.72)
20	4	0.88	7	29.5	0.1	11	0	1883.6 (0.74)
20	5	0.88	7	23.0	0.1	8	0	1895.2 (0.74)
20	6	0.88	7	28.5	0.1	11	0	1918.6 (0.75)
20	8	0.88	7	22.5	0.1	8	0	1954.8 (0.76)
20	10	0.88	7	31.0	0.1	12	0	1977.5 (0.77)
20	12	0.88	7	42.0	0.2	16	0	1984.4 (0.78)
20	14	0.88	7	38.0	0.2	14	0	2020.4 (0.79)
20	16	0.88	7	32.5	0.3	12	0	2034.0 (0.79)
20	20	0.88	7	47.5	0.4	18	0	2061.6 (0.81)
20	24	0.88	7	59.0	0.8	23	0	2091.9 (0.82)
20	30	0.88	7	67.0	1.1	26	0	2136.3 (0.83)
20	40	0.88	7	87.0	2.3	33	0	2182.2 (0.85)
24	1	0.90	7	27.0	0.0	8	0	2094.5 (0.68)
24	2	0.90	7	27.0	0.0	8	0	2141.8 (0.70)
24	3	0.90	7	30.0	0.1	9	0	2249.8 (0.73)
24	4	0.90	7	36.0	0.0	11	0	2289.8 (0.75)
24	5	0.90	7	31.5	0.1	10	0	2299.0 (0.75)
24	6	0.90	7	35.0	0.1	11	0	2323.7 (0.76)
24	8	0.90	7	43.0	0.1	13	0	2383.0 (0.78)
24	10	0.90	7	39.5	0.1	12	0	2402.0 (0.78)
24	12	0.90	7	46.5	0.2	15	0	2433.0 (0.79)
24	14	0.90	7	59.5	0.2	19	0	2470.4 (0.80)
24	16	0.90	7	68.0	0.3	22	0	2480.6 (0.81)
24	20	0.90	7	55.5	0.5	18	0	2514.5 (0.82)
24	24	0.90	7	66.5	0.8	21	0	2547.0 (0.83)
24	30	0.90	7	94.5	1.4	30	0	2604.2 (0.85)
24	40	0.90	7	104.5	2.8	34	0	2671.0 (0.87)
30	1	0.92	8	40.5	0.0	10	0	2662.7 (0.69)
30	2	0.92	8	46.5	0.0	12	0	2690.3 (0.70)
30	3	0.92	8	46.5	0.0	12	0	2859.2 (0.74)
30	4	0.92	8	54.5	0.1	14	0	2908.5 (0.76)
30	5	0.92	8	66.0	0.1	17	0	2924.6 (0.76)
30	6	0.92	8	46.5	0.1	12	0	2932.4 (0.76)
30	8	0.92	8	56.5	0.1	14	0	2967.8 (0.77)
30	10	0.92	8	76.5	0.2	19	0	3017.8 (0.79)
30	12	0.92	8	47.0	0.2	12	0	3048.9 (0.79)
30	14	0.92	8	61.0	0.2	15	0	3105.6 (0.81)
30	16	0.92	8	70.0	0.4	18	0	3141.5 (0.82)
30	20	0.92	8	96.5	0.6	25	0	3180.7 (0.83)
30	24	0.92	8	76.5	0.9	19	0	3236.3 (0.84)
30	30	0.92	8	104.0	1.6	27	0	3305.0 (0.86)
30	40	0.92	8	141.5	3.6	36	0	3401.0 (0.89)
40	1	0.93	10	76.5	0.0	14	0	3595.5 (0.70)
40	2	0.93	10	76.5	0.0	14	0	3710.5 (0.72)
40	3	0.93	10	90.5	0.0	17	0	3813.0 (0.74)
40	4	0.93	10	76.5	0.1	14	0	3870.5 (0.76)
40	5	0.93	10	83.5	0.1	16	0	3916.9 (0.77)
40	6	0.93	10	97.0	0.1	18	0	3936.3 (0.77)
40	8	0.93	10	76.5	0.1	14	0	3944.2 (0.77)
40	10	0.93	10	94.5	0.1	18	0	3997.2 (0.78)
40	12	0.93	10	119.5	0.1	23	0	4056.1 (0.79)
40	14	0.93	10	77.0	0.2	15	0	4082.0 (0.80)
40	16	0.93	10	93.0	0.2	18	0	4149.6 (0.81)
40	20	0.93	10	117.0	0.5	22	0	4207.4 (0.82)
40	24	0.93	10	142.0	0.6	27	0	4272.3 (0.83)
40	30	0.93	10	84.0	1.2	16	0	4375.8 (0.85)
40	40	0.93	10	100.5	2.6	19	0	4499.0 (0.88)
50	1	0.94	12	86.5	0.0	13	0	4547.7 (0.71)
50	2	0.94	12	133.0	0.0	20	0	4712.8 (0.74)
50	3	0.94	12	133.0	0.0	20	0	4799.3 (0.75)
50	4	0.94	12	149.5	0.0	23	0	4846.5 (0.76)
50	5	0.94	12	109.0	0.0	17	0	4910.5 (0.77)
50	6	0.94	12	134.5	0.1	21	0	4968.5 (0.78)
50	8	0.94	12	156.5	0.1	24	0	4994.3 (0.78)
50	10	0.94	12	109.5	0.1	17	0	4961.7 (0.78)
50	12	0.94	12	135.0	0.1	21	0	4965.4 (0.78)
50	14	0.94	12	156.0	0.1	24	0	5038.0 (0.79)
50	16	0.94	12	180.0	0.2	28	0	5074.7 (0.79)
50	20	0.94	12	147.0	0.3	22	0	5207.0 (0.81)
50	24	0.94	12	161.5	0.6	25	0	5305.1 (0.83)
50	30	0.94	12	167.0	1.5	26	0	5466.2 (0.85)
50	40	0.94	12	180.5	2.9	28	0	5620.9 (0.88)
60	1	0.95	14	213.0	0.0	27	0	5413.1 (0.70)
60	2	0.95	14	213.0	0.1	27	0	5637.3 (0.73)
60	3	0.95	14	149.0	0.0	19	0	5815.2 (0.76)
60	4	0.95	14	213.0	0.1	27	0	5850.1 (0.76)
60	5	0.95	14	217.0	0.1	28	0	5959.7 (0.78)
60	6	0.95	14	149.0	0.1	19	0	5997.8 (0.78)
60	8	0.95	14	213.0	0.1	27	0	6013.4 (0.78)
60	10	0.95	14	223.0	0.1	29	0	5963.6 (0.78)
60	12	0.95	14	149.0	0.1	19	0	5909.2 (0.77)
60	14	0.95	14	181.0	0.2	23	0	5896.1 (0.77)
60	16	0.95	14	213.0	0.2	27	0	5978.4 (0.78)
60	20	0.95	14	230.0	0.4	29	0	6161.8 (0.80)
60	24	0.95	14	233.5	0.8	30	0	6332.0 (0.82)
60	30	0.95	14	238.5	0.9	31	0	6579.4 (0.86)
60	40	0.95	14	127.5	2.8	16	0	6793.3 (0.88)
80	1	0.96	16	214.5	0.0	20	0	7376.3 (0.72)
80	2	0.96	16	214.5	0.0	20	0	7630.4 (0.75)
80	3	0.96	16	335.0	0.0	32	0	7705.9 (0.75)
80	4	0.96	16	219.5	0.1	21	0	7835.6 (0.77)
80	5	0.96	16	283.5	0.0	27	0	7885.6 (0.77)
80	6	0.96	16	340.0	0.1	33	0	8001.9 (0.78)
80	8	0.96	16	219.5	0.2	21	0	8062.2 (0.79)
80	10	0.96	16	283.5	0.1	27	0	7999.2 (0.78)
80	12	0.96	16	340.0	0.1	33	0	7931.9 (0.77)
80	14	0.96	16	187.5	0.2	18	0	7843.9 (0.77)
80	16	0.96	16	219.5	0.2	21	0	7840.7 (0.77)
80	20	0.96	16	222.5	0.3	21	0	8049.2 (0.79)
80	24	0.96	16	224.5	0.6	21	0	8331.0 (0.81)
80	30	0.96	16	228.5	1.3	22	0	8670.1 (0.85)
80	40	0.96	16	233.5	2.5	22	0	9055.0 (0.88)
100	1	0.96	20	228.5	0.0	17	0	9239.0 (0.72)
100	2	0.96	20	429.5	0.0	33	0	9294.4 (0.73)
100	3	0.96	20	336.0	0.0	26	0	9499.8 (0.74)
100	4	0.96	20	429.5	0.1	33	0	9599.9 (0.75)
100	5	0.96	20	272.0	0.1	21	0	9779.5 (0.76)
100	6	0.96	20	336.0	0.0	26	0	9804.2 (0.77)
100	8	0.96	20	429.5	0.1	33	0	9830.3 (0.77)
100	10	0.96	20	272.0	0.1	21	0	9985.8 (0.78)
100	12	0.96	20	336.0	0.1	26	0	10053.8 (0.79)
100	14	0.96	20	400.0	0.1	31	0	10130.9 (0.79)
100	16	0.96	20	431.0	0.2	33	0	10113.7 (0.79)
100	20	0.96	20	432.5	0.2	33	0	9902.7 (0.77)
100	24	0.96	20	434.5	0.3	33	0	10003.9 (0.78)
100	30	0.96	20	437.0	0.9	34	0	10424.0 (0.81)
100	40	0.96	20	440.5	2.1	34	0	11001.2 (0.86)
